0 info it worked if it ends with ok
1 verbose cli [ 'C:\\Program Files\\nodejs\\node.exe',
1 verbose cli   'C:\\Program Files\\nodejs\\node_modules\\npm\\bin\\npm-cli.js',
1 verbose cli   'run',
1 verbose cli   'gulp' ]
2 info using npm@3.8.6
3 info using node@v6.1.0
4 verbose run-script [ 'pregulp', 'gulp', 'postgulp' ]
5 info lifecycle Career-Startup@1.0.0~pregulp: Career-Startup@1.0.0
6 silly lifecycle Career-Startup@1.0.0~pregulp: no script for pregulp, continuing
7 info lifecycle Career-Startup@1.0.0~gulp: Career-Startup@1.0.0
8 verbose lifecycle Career-Startup@1.0.0~gulp: unsafe-perm in lifecycle true
9 verbose lifecycle Career-Startup@1.0.0~gulp: PATH: C:\Program Files\nodejs\node_modules\npm\bin\node-gyp-bin;D:\Projects\Personal Projects\Angular\career-startup\node_modules\.bin;C:\Program Files\nodejs;C:\Program Files\nodejs\node_modules\npm\bin\node-gyp-bin;D:\Projects\Personal Projects\Angular\career-startup\node_modules\.bin;C:\Program Files\nodejs;C:\Program Files\Common Files\Microsoft Shared\Windows Live;C:\Program Files (x86)\Common Files\Microsoft Shared\Windows Live;C:\ProgramData\Oracle\Java\javapath;C:\Windows\system32;C:\Windows;C:\Windows\System32\Wbem;C:\Windows\System32\WindowsPowerShell\v1.0\;C:\Program Files\Intel\WiFi\bin\;C:\Program Files\Common Files\Intel\WirelessCommon\;C:\Program Files\Java\jdk1.8.0_73;%JUNIT_HOME%;%M2_HOME%;C:\Program Files\Java\jre7\bin;C:\Program Files\Microsoft\Web Platform Installer\;C:\Program Files (x86)\Microsoft ASP.NET\ASP.NET Web Pages\v1.0\;C:\Program Files (x86)\Windows Kits\8.0\Windows Performance Toolkit\;C:\Program Files\Microsoft SQL Server\110\Tools\Binn\;C:\Program Files (x86)\Skype\Phone\;C:\Program Files (x86)\Sennheiser\SoftphoneSDK\;C:\Program Files (x86)\Windows Live\Shared;C:\Program Files\nodejs\;C:\Users\MD186053\AppData\Roaming\npm
10 verbose lifecycle Career-Startup@1.0.0~gulp: CWD: D:\Projects\Personal Projects\Angular\career-startup
11 silly lifecycle Career-Startup@1.0.0~gulp: Args: [ '/d /s /c', 'gulp' ]
12 silly lifecycle Career-Startup@1.0.0~gulp: Returned: code: 1  signal: null
13 info lifecycle Career-Startup@1.0.0~gulp: Failed to exec gulp script
14 verbose stack Error: Career-Startup@1.0.0 gulp: `gulp`
14 verbose stack Exit status 1
14 verbose stack     at EventEmitter.<anonymous> (C:\Program Files\nodejs\node_modules\npm\lib\utils\lifecycle.js:239:16)
14 verbose stack     at emitTwo (events.js:106:13)
14 verbose stack     at EventEmitter.emit (events.js:191:7)
14 verbose stack     at ChildProcess.<anonymous> (C:\Program Files\nodejs\node_modules\npm\lib\utils\spawn.js:24:14)
14 verbose stack     at emitTwo (events.js:106:13)
14 verbose stack     at ChildProcess.emit (events.js:191:7)
14 verbose stack     at maybeClose (internal/child_process.js:850:16)
14 verbose stack     at Process.ChildProcess._handle.onexit (internal/child_process.js:215:5)
15 verbose pkgid Career-Startup@1.0.0
16 verbose cwd D:\Projects\Personal Projects\Angular\career-startup
17 error Windows_NT 6.1.7601
18 error argv "C:\\Program Files\\nodejs\\node.exe" "C:\\Program Files\\nodejs\\node_modules\\npm\\bin\\npm-cli.js" "run" "gulp"
19 error node v6.1.0
20 error npm  v3.8.6
21 error code ELIFECYCLE
22 error Career-Startup@1.0.0 gulp: `gulp`
22 error Exit status 1
23 error Failed at the Career-Startup@1.0.0 gulp script 'gulp'.
23 error Make sure you have the latest version of node.js and npm installed.
23 error If you do, this is most likely a problem with the Career-Startup package,
23 error not with npm itself.
23 error Tell the author that this fails on your system:
23 error     gulp
23 error You can get information on how to open an issue for this project with:
23 error     npm bugs Career-Startup
23 error Or if that isn't available, you can get their info via:
23 error     npm owner ls Career-Startup
23 error There is likely additional logging output above.
24 verbose exit [ 1, true ]
